{"uuid":"44de1d59-ce57-4c72-bca0-bbe8b66757ef","name":"TestCase26VerifyScrollUpWithoutArrowButton","children":["8282b0f0-d38c-48c1-8679-68c2001fe4b4","b88dc606-9d72-4ede-aa74-91765375725f"],"befores":[{"name":"beforeClass","status":"failed","statusDetails":{"known":false,"muted":false,"flaky":false,"message":"Couldn't read the desired file. [src/test/resources/testDataFiles/TestsData.Json]. Root cause: \"java.io.FileNotFoundException: /Users/egabdoo/IdeaProjects/Automation_Project/src/test/resources/testDataFiles/TestsData.Json (No such file or directory)\"","trace":"java.lang.AssertionError: Couldn't read the desired file. [src/test/resources/testDataFiles/TestsData.Json]. Root cause: \"java.io.FileNotFoundException: /Users/egabdoo/IdeaProjects/Automation_Project/src/test/resources/testDataFiles/TestsData.Json (No such file or directory)\"\n\tat org.testng.Assert.fail(Assert.java:99)\n\tat com.shaft.tools.io.internal.FailureReporter.fail(FailureReporter.java:38)\n\tat com.shaft.tools.io.JSONFileManager.initializeReader(JSONFileManager.java:152)\n\tat com.shaft.tools.io.JSONFileManager.<init>(JSONFileManager.java:36)\n\tat com.shaft.driver.SHAFT$TestData$JSON.<init>(SHAFT.java:308)\n\tat TestCase26VerifyScrollUpWithoutArrowButton.beforeClass(TestCase26VerifyScrollUpWithoutArrowButton.java:15)\n\tat java.base/jdk.internal.reflect.DirectMethodHandleAccessor.invoke(DirectMethodHandleAccessor.java:103)\n\tat java.base/java.lang.reflect.Method.invoke(Method.java:580)\n\tat org.testng.internal.invokers.MethodInvocationHelper.invokeMethod(MethodInvocationHelper.java:141)\n\tat org.testng.internal.invokers.MethodInvocationHelper.invokeMethodConsideringTimeout(MethodInvocationHelper.java:71)\n\tat org.testng.internal.invokers.ConfigInvoker.invokeConfigurationMethod(ConfigInvoker.java:400)\n\tat org.testng.internal.invokers.ConfigInvoker.invokeConfigurations(ConfigInvoker.java:333)\n\tat org.testng.internal.invokers.TestMethodWorker.invokeBeforeClassMethods(TestMethodWorker.java:188)\n\tat org.testng.internal.invokers.TestMethodWorker.run(TestMethodWorker.java:128)\n\tat java.base/java.util.ArrayList.forEach(ArrayList.java:1597)\n\tat org.testng.TestRunner.privateRun(TestRunner.java:739)\n\tat org.testng.TestRunner.run(TestRunner.java:614)\n\tat org.testng.SuiteRunner.runTest(SuiteRunner.java:421)\n\tat org.testng.SuiteRunner.runSequentially(SuiteRunner.java:413)\n\tat org.testng.SuiteRunner.privateRun(SuiteRunner.java:373)\n\tat org.testng.SuiteRunner.run(SuiteRunner.java:312)\n\tat org.testng.SuiteRunnerWorker.runSuite(SuiteRunnerWorker.java:52)\n\tat org.testng.SuiteRunnerWorker.run(SuiteRunnerWorker.java:95)\n\tat org.testng.TestNG.runSuitesSequentially(TestNG.java:1274)\n\tat org.testng.TestNG.runSuitesLocally(TestNG.java:1208)\n\tat org.testng.TestNG.runSuites(TestNG.java:1112)\n\tat org.testng.TestNG.run(TestNG.java:1079)\n\tat com.intellij.rt.testng.IDEARemoteTestNG.run(IDEARemoteTestNG.java:65)\n\tat com.intellij.rt.testng.RemoteTestNGStarter.main(RemoteTestNGStarter.java:105)\nCaused by: java.io.FileNotFoundException: /Users/egabdoo/IdeaProjects/Automation_Project/src/test/resources/testDataFiles/TestsData.Json (No such file or directory)\n\tat java.base/java.io.FileInputStream.open0(Native Method)\n\tat java.base/java.io.FileInputStream.open(FileInputStream.java:213)\n\tat java.base/java.io.FileInputStream.<init>(FileInputStream.java:152)\n\tat java.base/java.io.FileInputStream.<init>(FileInputStream.java:106)\n\tat java.base/java.io.FileReader.<init>(FileReader.java:103)\n\tat com.shaft.tools.io.JSONFileManager.initializeReader(JSONFileManager.java:150)\n\t... 26 more\n"},"stage":"finished","description":"","steps":[{"name":"Couldn't read the desired file. [src/test/resources/testDataFiles/TestsData.Json]. Root cause: \"java.io.FileNotFoundException: /Users/egabdoo/IdeaProjects/Automation_Project/src/test/resources/testDataFiles/TestsData.Json (No such file or directory)\"","status":"passed","stage":"finished","steps":[],"attachments":[{"name":"Json - Get  stack  trace - Exception Stacktrace","source":"652a78dc-1d2f-4ef5-873c-beb329e2e621-attachment.json","type":"text/json"}],"parameters":[{"name":"logText","value":"Couldn't read the desired file. [src/test/resources/testDataFiles/TestsData.Json]. Root cause: \"java.io.FileNotFoundException: /Users/egabdoo/IdeaProjects/Automation_Project/src/test/resources/testDataFiles/TestsData.Json (No such file or directory)\""},{"name":"attachments","value":"[[Json - Get  stack  trace, Exception Stacktrace, java.io.FileNotFoundException: /Users/egabdoo/IdeaProjects/Automation_Project/src/test/resources/testDataFiles/TestsData.Json (No such file or directory)\n java.base/java.io.FileInputStream.open0(Native Method)\n java.base/java.io.FileInputStream.open(FileInputStream.java:213)\n java.base/java.io.FileInputStream.<init>(FileInputStream.java:152)\n java.base/java.io.FileInputStream.<init>(FileInputStream.java:106)\n java.base/java.io.FileReader.<init>(FileReader.java:103)\n com.shaft.tools.io.JSONFileManager.initializeReader(JSONFileManager.java:150)\n com.shaft.tools.io.JSONFileManager.<init>(JSONFileManager.java:36)\n com.shaft.driver.SHAFT$TestData$JSON.<init>(SHAFT.java:308)\n TestCase26VerifyScrollUpWithoutArrowButton.beforeClass(TestCase26VerifyScrollUpWithoutArrowButton.java:15)\n java.base/jdk.internal.reflect.DirectMethodHandleAccessor.invoke(DirectMethodHandleAccessor.java:103)\n java.base/java.lang.reflect.Method.invoke(Method.java:580)\n org.testng.internal.invokers.MethodInvocationHelper.invokeMethod(MethodInvocationHelper.java:141)\n org.testng.internal.invokers.MethodInvocationHelper.invokeMethodConsideringTimeout(MethodInvocationHelper.java:71)\n org.testng.internal.invokers.ConfigInvoker.invokeConfigurationMethod(ConfigInvoker.java:400)\n org.testng.internal.invokers.ConfigInvoker.invokeConfigurations(ConfigInvoker.java:333)\n org.testng.internal.invokers.TestMethodWorker.invokeBeforeClassMethods(TestMethodWorker.java:188)\n org.testng.internal.invokers.TestMethodWorker.run(TestMethodWorker.java:128)\n java.base/java.util.ArrayList.forEach(ArrayList.java:1597)\n org.testng.TestRunner.privateRun(TestRunner.java:739)\n org.testng.TestRunner.run(TestRunner.java:614)\n org.testng.SuiteRunner.runTest(SuiteRunner.java:421)\n org.testng.SuiteRunner.runSequentially(SuiteRunner.java:413)\n org.testng.SuiteRunner.privateRun(SuiteRunner.java:373)\n org.testng.SuiteRunner.run(SuiteRunner.java:312)\n org.testng.SuiteRunnerWorker.runSuite(SuiteRunnerWorker.java:52)\n org.testng.SuiteRunnerWorker.run(SuiteRunnerWorker.java:95)\n org.testng.TestNG.runSuitesSequentially(TestNG.java:1274)\n org.testng.TestNG.runSuitesLocally(TestNG.java:1208)\n org.testng.TestNG.runSuites(TestNG.java:1112)\n org.testng.TestNG.run(TestNG.java:1079)\n com.intellij.rt.testng.IDEARemoteTestNG.run(IDEARemoteTestNG.java:65)\n com.intellij.rt.testng.RemoteTestNGStarter.main(RemoteTestNGStarter.java:105)\n]]"},{"name":"status","value":"PASS"}],"start":1726483689510,"stop":1726483689518}],"attachments":[],"parameters":[],"start":1726483689156,"stop":1726483689523}],"afters":[],"start":1726483689135,"stop":1726483689702}